<?xml version="1.0" encoding="UTF-8"?>
<testng-results ignored="0" total="1" passed="1" failed="0" skipped="0">
  <reporter-output>
  </reporter-output>
  <suite started-at="2022-11-21T17:01:43 GMT" name="Default suite" finished-at="2022-11-21T17:02:01 GMT" duration-ms="17838">
    <groups>
    </groups>
    <test started-at="2022-11-21T17:01:43 GMT" name="Default test" finished-at="2022-11-21T17:02:01 GMT" duration-ms="17838">
      <class name="TestPackage.TechTest">
        <test-method signature="WebpageTest()[pri:0, instance:TestPackage.TechTest@6a28ffa4]" started-at="2022-11-21T17:01:43 GMT" name="WebpageTest" finished-at="2022-11-21T17:02:01 GMT" duration-ms="17612" status="PASS">
          <reporter-output>
          </reporter-output>
        </test-method> <!-- WebpageTest -->
        <test-method is-config="true" signature="closeWindow()[pri:0, instance:TestPackage.TechTest@6a28ffa4]" started-at="2022-11-21T17:02:01 GMT" name="closeWindow" finished-at="2022-11-21T17:02:01 GMT" duration-ms="188" status="PASS">
          <reporter-output>
          </reporter-output>
        </test-method> <!-- closeWindow -->
      </class> <!-- TestPackage.TechTest -->
    </test> <!-- Default test -->
  </suite> <!-- Default suite -->
</testng-results>
